Determining if the pthread_create exist failed with the following output:
Change Dir: /home/kais/Documents/~transfer/ML/Core/gelu_cpp/build/CMakeFiles/CMakeTmp

Run Build Command:"/usr/bin/make" "cmTC_2573a/fast"
/usr/bin/make -f CMakeFiles/cmTC_2573a.dir/build.make CMakeFiles/cmTC_2573a.dir/build
make[1]: Entering directory '/home/kais/Documents/~transfer/ML/Core/gelu_cpp/build/CMakeFiles/CMakeTmp'
Building C object CMakeFiles/cmTC_2573a.dir/CheckSymbolExists.c.o
/usr/bin/cc    -o CMakeFiles/cmTC_2573a.dir/CheckSymbolExists.c.o   -c "/home/kais/Documents/~transfer/ML/Core/gelu_cpp/build/CMakeFiles/CMakeTmp/CheckSymbolExists.c"
Linking C executable cmTC_2573a
/usr/bin/cmake -E cmake_link_script CMakeFiles/cmTC_2573a.dir/link.txt --verbose=1
/usr/bin/cc      -rdynamic CMakeFiles/cmTC_2573a.dir/CheckSymbolExists.c.o  -o cmTC_2573a 
CMakeFiles/cmTC_2573a.dir/CheckSymbolExists.c.o: In function `main':
CheckSymbolExists.c:(.text+0x1b): undefined reference to `pthread_create'
collect2: error: ld returned 1 exit status
CMakeFiles/cmTC_2573a.dir/build.make:97: recipe for target 'cmTC_2573a' failed
make[1]: *** [cmTC_2573a] Error 1
make[1]: Leaving directory '/home/kais/Documents/~transfer/ML/Core/gelu_cpp/build/CMakeFiles/CMakeTmp'
Makefile:126: recipe for target 'cmTC_2573a/fast' failed
make: *** [cmTC_2573a/fast] Error 2

File /home/kais/Documents/~transfer/ML/Core/gelu_cpp/build/CMakeFiles/CMakeTmp/CheckSymbolExists.c:
/* */
#include <pthread.h>

int main(int argc, char** argv)
{
  (void)argv;
#ifndef pthread_create
  return ((int*)(&pthread_create))[argc];
#else
  (void)argc;
  return 0;
#endif
}

Determining if the function pthread_create exists in the pthreads failed with the following output:
Change Dir: /home/kais/Documents/~transfer/ML/Core/gelu_cpp/build/CMakeFiles/CMakeTmp

Run Build Command:"/usr/bin/make" "cmTC_a8814/fast"
/usr/bin/make -f CMakeFiles/cmTC_a8814.dir/build.make CMakeFiles/cmTC_a8814.dir/build
make[1]: Entering directory '/home/kais/Documents/~transfer/ML/Core/gelu_cpp/build/CMakeFiles/CMakeTmp'
Building C object CMakeFiles/cmTC_a8814.dir/CheckFunctionExists.c.o
/usr/bin/cc   -DCHECK_FUNCTION_EXISTS=pthread_create   -o CMakeFiles/cmTC_a8814.dir/CheckFunctionExists.c.o   -c /usr/share/cmake-3.10/Modules/CheckFunctionExists.c
Linking C executable cmTC_a8814
/usr/bin/cmake -E cmake_link_script CMakeFiles/cmTC_a8814.dir/link.txt --verbose=1
/usr/bin/cc  -DCHECK_FUNCTION_EXISTS=pthread_create    -rdynamic CMakeFiles/cmTC_a8814.dir/CheckFunctionExists.c.o  -o cmTC_a8814 -lpthreads 
/usr/bin/ld: cannot find -lpthreads
collect2: error: ld returned 1 exit status
CMakeFiles/cmTC_a8814.dir/build.make:97: recipe for target 'cmTC_a8814' failed
make[1]: *** [cmTC_a8814] Error 1
make[1]: Leaving directory '/home/kais/Documents/~transfer/ML/Core/gelu_cpp/build/CMakeFiles/CMakeTmp'
Makefile:126: recipe for target 'cmTC_a8814/fast' failed
make: *** [cmTC_a8814/fast] Error 2


